============================= test session starts ==============================
platform darwin -- Python 3.9.6, pytest-8.4.2, pluggy-1.6.0
rootdir: /Users/ahjan/phoenix_omega_worktrees/manga-mode-genre-wiring-20260711
configfile: pytest.ini
plugins: anyio-4.12.1
collected 9 items

tests/test_manga_series_setup.py ......                                  [ 66%]
tests/test_manga_chapter_runner_e2e_replay.py ...                        [100%]

============================== 9 passed in 12.08s ==============================
