============================= test session starts ==============================
platform darwin -- Python 3.9.6, pytest-8.4.2, pluggy-1.6.0
rootdir: /Users/ahjan/phoenix_omega_worktrees/book-system-truth-matrix-20260711
configfile: pytest.ini
plugins: anyio-4.12.1
collected 53 items

tests/test_spine_pipeline_integration.py ...........F..s.                [ 30%]
tests/test_spine_packet_preservation.py ........                         [ 45%]
tests/test_teacher_coverage_gate_blocks.py ..                            [ 49%]
tests/test_chapter_composer.py ..                                        [ 52%]
tests/unit/rendering/test_story_introduction_bridge.py ............      [ 75%]
tests/planning/test_accent_planner.py ............                       [ 98%]
tests/ci/test_accent_flagship_truth_gate.py F                            [100%]

=================================== FAILURES ===================================
_______________ test_spine_gates_hard_records_production_policy ________________
tests/test_spine_pipeline_integration.py:252: in test_spine_gates_hard_records_production_policy
    assert r.returncode == 0, r.stderr + r.stdout
E   AssertionError: WARNING: --no-job-check: pipeline job enforcement disabled (CI/testing only).
E     Warning: atoms_model missing in spec; derived from config (legacy_personas) -> legacy
E     Template routing: anxiety×gen_z_professionals×standard_book → spine_only (no template overlay)
E     Content bank registry unavailable: /Users/ahjan/phoenix_omega_worktrees/book-system-truth-matrix-20260711/config/content_banks/anxiety_corporate_managers_scene_recognition_bank.yaml: variant 'acmr_001' missing keys ['band', 'ei_v2_targets', 'forbidden_terms', 'frame_allowlist', 'frame_blocklist', 'intensity', 'mechanism_depth', 'ontgp_move', 'persona_allowlist', 'runtime_allowlist', 'signature_phrases', 'slot_type', 'topic_allowlist', 'topic_blocklist']
E     Exercise contract violation: chapter 1 has 1 EXERCISE slots but planner allows 0 — renderer will not silently drop.
E     Exercise contract violation: chapter 12 has 1 EXERCISE slots but planner allows 0 — renderer will not silently drop.
E     Chapter contract: chapter 12: emotional_job 'resolution' matches previous chapter — escalation contract may be weak
E     Chapter flow gate: FAIL (4/12 failed). Report: /private/var/folders/56/rwcv264j73d54964h95chf5h0000gn/T/pytest-of-ahjan/pytest-15/test_spine_gates_hard_records_0/spine_hard/chapter_flow_report.json
E       Ch 2: WEAK_TRANSITIONS
E       Ch 4: MISSING_CLEAR_POINT
E       Ch 7: MISSING_CLEAR_POINT
E       Ch 10: MISSING_CLEAR_POINT
E     Register gate: FAIL (F2=0, F6=1, F12=0). Report: /private/var/folders/56/rwcv264j73d54964h95chf5h0000gn/T/pytest-of-ahjan/pytest-15/test_spine_gates_hard_records_0/spine_hard/register_gate_report.json
E     Bestseller craft gate (advisory): PASS — overall ONTGP score 0.61
E     EI V2: PASS — composite 0.74. Report: /private/var/folders/56/rwcv264j73d54964h95chf5h0000gn/T/pytest-of-ahjan/pytest-15/test_spine_gates_hard_records_0/spine_hard/ei_v2_report.json
E     Editorial report: WARN — thesis drift 0 chapters, ONTGP 0.61, flow 0.00. Report: /private/var/folders/56/rwcv264j73d54964h95chf5h0000gn/T/pytest-of-ahjan/pytest-15/test_spine_gates_hard_records_0/spine_hard/editorial_report.json
E     Memorable lines: 9 chapters with >=2 quotable lines / 12. Report: /private/var/folders/56/rwcv264j73d54964h95chf5h0000gn/T/pytest-of-ahjan/pytest-15/test_spine_gates_hard_records_0/spine_hard/memorable_line_report.json
E     Transformation arc: WARN. Report: /private/var/folders/56/rwcv264j73d54964h95chf5h0000gn/T/pytest-of-ahjan/pytest-15/test_spine_gates_hard_records_0/spine_hard/transformation_heatmap.json
E     Book pass gate: PASS. Report: /private/var/folders/56/rwcv264j73d54964h95chf5h0000gn/T/pytest-of-ahjan/pytest-15/test_spine_gates_hard_records_0/spine_hard/book_pass_report.json
E     Pearl Prime book quality gate: Reject (fail=1 hold=0) — /private/var/folders/56/rwcv264j73d54964h95chf5h0000gn/T/pytest-of-ahjan/pytest-15/test_spine_gates_hard_records_0/spine_hard/book_quality_report.json
E     BLOCKED: 3 quality gate(s) failed in production mode: chapter_flow, register_gate, book_quality_gate. Use --skip-quality-gates or --quality-profile=draft to bypass.
E     Wrote /private/var/folders/56/rwcv264j73d54964h95chf5h0000gn/T/pytest-of-ahjan/pytest-15/test_spine_gates_hard_records_0/spine_hard_plan.json
E     Rendered book (spine mode): /private/var/folders/56/rwcv264j73d54964h95chf5h0000gn/T/pytest-of-ahjan/pytest-15/test_spine_gates_hard_records_0/spine_hard/book.txt
E     Quality summary: /private/var/folders/56/rwcv264j73d54964h95chf5h0000gn/T/pytest-of-ahjan/pytest-15/test_spine_gates_hard_records_0/spine_hard/quality_summary.json
E     
E   assert 1 == 0
E    +  where 1 = CompletedProcess(args=['/Applications/Xcode.app/Contents/Developer/usr/bin/python3', '/Users/ahjan/phoenix_omega_workt...ode: chapter_flow, register_gate, book_quality_gate. Use --skip-quality-gates or --quality-profile=draft to bypass.\n").returncode
____________ test_accent_flagship_truth_gate_artifacts_when_present ____________
tests/ci/test_accent_flagship_truth_gate.py:22: in test_accent_flagship_truth_gate_artifacts_when_present
    assert not errors, summary
E   AssertionError: {'accent_budget': {'AUTHOR_COMMENTARY': 1, 'CITED_EVIDENCE': 1, 'ENCOURAGEMENT': 2, 'EXTERNAL_STORY': 2, ...}, 'assign..._REFLECTION', 'rendered_accent_audit.json has no accents rows', 'rendered_accent_audit count 0 < assignments 11'], ...}
E   assert not ['plan.json missing', 'rendered_accent_audit.json missing', 'section_packet_audit.json missing', 'allowed_positions vi... after_REFLECTION', 'rendered_accent_audit.json has no accents rows', 'rendered_accent_audit count 0 < assignments 11']
----------------------------- Captured stderr call -----------------------------
FAIL: plan.json missing
FAIL: rendered_accent_audit.json missing
FAIL: section_packet_audit.json missing
FAIL: allowed_positions violated for ac_ravi_anxiety_skeptic_standup_v01: got after_REFLECTION
FAIL: rendered_accent_audit.json has no accents rows
FAIL: rendered_accent_audit count 0 < assignments 11
=========================== short test summary info ============================
FAILED tests/test_spine_pipeline_integration.py::test_spine_gates_hard_records_production_policy
FAILED tests/ci/test_accent_flagship_truth_gate.py::test_accent_flagship_truth_gate_artifacts_when_present
============= 2 failed, 50 passed, 1 skipped in 153.37s (0:02:33) ==============
