============================= test session starts ==============================
platform darwin -- Python 3.9.6, pytest-8.4.2, pluggy-1.6.0 -- /Applications/Xcode.app/Contents/Developer/usr/bin/python3
cachedir: .pytest_cache
rootdir: /Users/ahjan/phoenix_omega_worktrees/book-system-truth-matrix-20260711
configfile: pytest.ini
plugins: anyio-4.12.1
collecting ... collected 12 items

tests/test_music_overlay.py::test_plan_music_injection_with_lyrics_counts PASSED [  8%]
tests/test_music_overlay.py::test_plan_music_injection_no_lyrics_smaller PASSED [ 16%]
tests/test_music_overlay.py::test_plan_none PASSED                       [ 25%]
tests/test_music_manuscript_overlay.py::test_overlay_inserts_music_markers PASSED [ 33%]
tests/catalog/test_music_mode_branch.py::test_resolve_music_brand_is_music_only PASSED [ 41%]
tests/catalog/test_music_mode_branch.py::test_resolve_path_x_brand_is_standard PASSED [ 50%]
tests/catalog/test_music_mode_branch.py::test_overlap_music_precedence_logs_warning PASSED [ 58%]
tests/catalog/test_music_mode_branch.py::test_filter_drops_teacher_mode_and_composite_tags PASSED [ 66%]
tests/catalog/test_music_mode_branch.py::test_filter_dict_rows_teacher_mode_string PASSED [ 75%]
tests/catalog/test_music_mode_branch.py::test_generate_for_brand_music_is_all_non_teacher_mode PASSED [ 83%]
tests/catalog/test_music_mode_branch.py::test_generate_for_brand_path_x_matches_produce_wave PASSED [ 91%]
tests/catalog/test_music_mode_branch.py::test_generate_for_brand_topics_match_master_arc_inventory PASSED [100%]

============================== 12 passed in 1.09s ==============================
